{"C:\\Users\\evert\\Desktop\\Projeto-Folga\\server\\config.js": {"path":"C:\\Users\\evert\\Desktop\\Projeto-Folga\\server\\config.js","statementMap":{"0":{"start":{"line":3,"column":19},"end":{"line":3,"column":58}},"1":{"start":{"line":4,"column":13},"end":{"line":4,"column":36}},"2":{"start":{"line":5,"column":23},"end":{"line":5,"column":42}},"3":{"start":{"line":6,"column":24},"end":{"line":6,"column":44}}},"fnMap":{},"branchMap":{"0":{"loc":{"start":{"line":9,"column":8},"end":{"line":9,"column":32}},"type":"binary-expr","locations":[{"start":{"line":9,"column":8},"end":{"line":9,"column":24}},{"start":{"line":9,"column":28},"end":{"line":9,"column":32}}],"line":9}},"s":{"0":2,"1":2,"2":2,"3":2},"f":{},"b":{"0":[2,2]},"_coverageSchema":"1a1c01bbd47fc00a2c39e90264f33305004495a9","hash":"271ad3bafa417c2b16cae96a14d9c223ea2e4a7d"}
,"C:\\Users\\evert\\Desktop\\Projeto-Folga\\server\\controller.js": {"path":"C:\\Users\\evert\\Desktop\\Projeto-Folga\\server\\controller.js","statementMap":{"0":{"start":{"line":5,"column":4},"end":{"line":5,"column":33}},"1":{"start":{"line":9,"column":2},"end":{"line":9,"column":41}}},"fnMap":{"0":{"name":"(anonymous_0)","decl":{"start":{"line":4,"column":2},"end":{"line":4,"column":3}},"loc":{"start":{"line":4,"column":15},"end":{"line":6,"column":3}},"line":4},"1":{"name":"(anonymous_1)","decl":{"start":{"line":7,"column":3},"end":{"line":7,"column":4}},"loc":{"start":{"line":8,"column":0},"end":{"line":10,"column":1}},"line":8}},"branchMap":{},"s":{"0":2,"1":1},"f":{"0":2,"1":1},"b":{},"_coverageSchema":"1a1c01bbd47fc00a2c39e90264f33305004495a9","hash":"3e60defb585cc4fa6439b8a4153f9c0d293bd05e"}
,"C:\\Users\\evert\\Desktop\\Projeto-Folga\\server\\routes.js": {"path":"C:\\Users\\evert\\Desktop\\Projeto-Folga\\server\\routes.js","statementMap":{"0":{"start":{"line":13,"column":4},"end":{"line":13,"column":10}},"1":{"start":{"line":15,"column":19},"end":{"line":15,"column":35}},"2":{"start":{"line":17,"column":26},"end":{"line":17,"column":33}},"3":{"start":{"line":19,"column":2},"end":{"line":24,"column":3}},"4":{"start":{"line":20,"column":4},"end":{"line":22,"column":6}},"5":{"start":{"line":23,"column":4},"end":{"line":23,"column":25}},"6":{"start":{"line":26,"column":2},"end":{"line":35,"column":3}},"7":{"start":{"line":29,"column":8},"end":{"line":29,"column":47}},"8":{"start":{"line":34,"column":4},"end":{"line":34,"column":32}},"9":{"start":{"line":37,"column":2},"end":{"line":43,"column":3}},"10":{"start":{"line":40,"column":8},"end":{"line":40,"column":53}},"11":{"start":{"line":42,"column":4},"end":{"line":42,"column":32}},"12":{"start":{"line":45,"column":2},"end":{"line":60,"column":3}},"13":{"start":{"line":50,"column":8},"end":{"line":50,"column":42}},"14":{"start":{"line":51,"column":22},"end":{"line":51,"column":40}},"15":{"start":{"line":52,"column":4},"end":{"line":57,"column":5}},"16":{"start":{"line":53,"column":6},"end":{"line":53,"column":8}},"17":{"start":{"line":54,"column":6},"end":{"line":56,"column":8}},"18":{"start":{"line":58,"column":4},"end":{"line":58,"column":32}},"19":{"start":{"line":61,"column":2},"end":{"line":61,"column":25}},"20":{"start":{"line":62,"column":2},"end":{"line":62,"column":23}},"21":{"start":{"line":67,"column":2},"end":{"line":73,"column":3}},"22":{"start":{"line":69,"column":4},"end":{"line":69,"column":49}},"23":{"start":{"line":70,"column":4},"end":{"line":70,"column":27}},"24":{"start":{"line":71,"column":4},"end":{"line":71,"column":25}},"25":{"start":{"line":74,"column":2},"end":{"line":74,"column":52}},"26":{"start":{"line":75,"column":2},"end":{"line":75,"column":25}},"27":{"start":{"line":76,"column":2},"end":{"line":76,"column":23}},"28":{"start":{"line":79,"column":2},"end":{"line":80,"column":50}},"29":{"start":{"line":80,"column":20},"end":{"line":80,"column":49}}},"fnMap":{"0":{"name":"routes","decl":{"start":{"line":16,"column":15},"end":{"line":16,"column":21}},"loc":{"start":{"line":16,"column":41},"end":{"line":64,"column":1}},"line":16},"1":{"name":"handlerError","decl":{"start":{"line":66,"column":9},"end":{"line":66,"column":21}},"loc":{"start":{"line":66,"column":39},"end":{"line":77,"column":1}},"line":66},"2":{"name":"handler","decl":{"start":{"line":78,"column":16},"end":{"line":78,"column":23}},"loc":{"start":{"line":78,"column":43},"end":{"line":81,"column":1}},"line":78},"3":{"name":"(anonymous_3)","decl":{"start":{"line":80,"column":11},"end":{"line":80,"column":12}},"loc":{"start":{"line":80,"column":20},"end":{"line":80,"column":49}},"line":80}},"branchMap":{"0":{"loc":{"start":{"line":19,"column":2},"end":{"line":24,"column":3}},"type":"if","locations":[{"start":{"line":19,"column":2},"end":{"line":24,"column":3}},{"start":{},"end":{}}],"line":19},"1":{"loc":{"start":{"line":19,"column":6},"end":{"line":19,"column":37}},"type":"binary-expr","locations":[{"start":{"line":19,"column":6},"end":{"line":19,"column":22}},{"start":{"line":19,"column":26},"end":{"line":19,"column":37}}],"line":19},"2":{"loc":{"start":{"line":26,"column":2},"end":{"line":35,"column":3}},"type":"if","locations":[{"start":{"line":26,"column":2},"end":{"line":35,"column":3}},{"start":{},"end":{}}],"line":26},"3":{"loc":{"start":{"line":26,"column":6},"end":{"line":26,"column":41}},"type":"binary-expr","locations":[{"start":{"line":26,"column":6},"end":{"line":26,"column":22}},{"start":{"line":26,"column":26},"end":{"line":26,"column":41}}],"line":26},"4":{"loc":{"start":{"line":37,"column":2},"end":{"line":43,"column":3}},"type":"if","locations":[{"start":{"line":37,"column":2},"end":{"line":43,"column":3}},{"start":{},"end":{}}],"line":37},"5":{"loc":{"start":{"line":37,"column":6},"end":{"line":37,"column":47}},"type":"binary-expr","locations":[{"start":{"line":37,"column":6},"end":{"line":37,"column":22}},{"start":{"line":37,"column":26},"end":{"line":37,"column":47}}],"line":37},"6":{"loc":{"start":{"line":45,"column":2},"end":{"line":60,"column":3}},"type":"if","locations":[{"start":{"line":45,"column":2},"end":{"line":60,"column":3}},{"start":{},"end":{}}],"line":45},"7":{"loc":{"start":{"line":52,"column":4},"end":{"line":57,"column":5}},"type":"if","locations":[{"start":{"line":52,"column":4},"end":{"line":57,"column":5}},{"start":{},"end":{}}],"line":52},"8":{"loc":{"start":{"line":67,"column":2},"end":{"line":73,"column":3}},"type":"if","locations":[{"start":{"line":67,"column":2},"end":{"line":73,"column":3}},{"start":{},"end":{}}],"line":67}},"s":{"0":2,"1":2,"2":8,"3":8,"4":1,"5":1,"6":7,"7":1,"8":1,"9":6,"10":1,"11":1,"12":5,"13":4,"14":2,"15":2,"16":1,"17":1,"18":2,"19":1,"20":1,"21":2,"22":1,"23":1,"24":1,"25":1,"26":1,"27":1,"28":8,"29":2},"f":{"0":8,"1":2,"2":8,"3":2},"b":{"0":[1,7],"1":[8,7],"2":[1,6],"3":[7,6],"4":[1,5],"5":[6,5],"6":[4,1],"7":[1,1],"8":[1,1]},"_coverageSchema":"1a1c01bbd47fc00a2c39e90264f33305004495a9","hash":"75510816bfa9db777e8aaa82fa9201d2e45e0a86"}
,"C:\\Users\\evert\\Desktop\\Projeto-Folga\\server\\service.js": {"path":"C:\\Users\\evert\\Desktop\\Projeto-Folga\\server\\service.js","statementMap":{"0":{"start":{"line":8,"column":6},"end":{"line":8,"column":12}},"1":{"start":{"line":12,"column":4},"end":{"line":12,"column":40}},"2":{"start":{"line":17,"column":25},"end":{"line":17,"column":52}},"3":{"start":{"line":18,"column":4},"end":{"line":18,"column":41}},"4":{"start":{"line":19,"column":21},"end":{"line":19,"column":42}},"5":{"start":{"line":20,"column":4},"end":{"line":23,"column":5}},"6":{"start":{"line":27,"column":27},"end":{"line":27,"column":55}},"7":{"start":{"line":29,"column":4},"end":{"line":32,"column":5}}},"fnMap":{"0":{"name":"(anonymous_0)","decl":{"start":{"line":11,"column":2},"end":{"line":11,"column":3}},"loc":{"start":{"line":11,"column":29},"end":{"line":13,"column":3}},"line":11},"1":{"name":"(anonymous_1)","decl":{"start":{"line":15,"column":2},"end":{"line":15,"column":3}},"loc":{"start":{"line":15,"column":26},"end":{"line":24,"column":3}},"line":15},"2":{"name":"(anonymous_2)","decl":{"start":{"line":25,"column":2},"end":{"line":25,"column":3}},"loc":{"start":{"line":25,"column":28},"end":{"line":34,"column":3}},"line":25}},"branchMap":{},"s":{"0":2,"1":1,"2":2,"3":2,"4":1,"5":1,"6":2,"7":1},"f":{"0":1,"1":2,"2":2},"b":{},"_coverageSchema":"1a1c01bbd47fc00a2c39e90264f33305004495a9","hash":"068008eae4803bc004241b797140c3fc1d40ca6f"}
,"C:\\Users\\evert\\Desktop\\Projeto-Folga\\server\\util.js": {"path":"C:\\Users\\evert\\Desktop\\Projeto-Folga\\server\\util.js","statementMap":{"0":{"start":{"line":3,"column":12},"end":{"line":10,"column":3}},"1":{"start":{"line":12,"column":22},"end":{"line":12,"column":25}}},"fnMap":{},"branchMap":{},"s":{"0":2,"1":2},"f":{},"b":{},"_coverageSchema":"1a1c01bbd47fc00a2c39e90264f33305004495a9","hash":"2e508dce91ecd82e6b10a8c30e1368eba6aa7182"}
,"C:\\Users\\evert\\Desktop\\Projeto-Folga\\tests\\unit\\_util\\testUtil.js": {"path":"C:\\Users\\evert\\Desktop\\Projeto-Folga\\tests\\unit\\_util\\testUtil.js","statementMap":{"0":{"start":{"line":11,"column":4},"end":{"line":19,"column":6}},"1":{"start":{"line":13,"column":8},"end":{"line":15,"column":9}},"2":{"start":{"line":14,"column":10},"end":{"line":14,"column":25}},"3":{"start":{"line":16,"column":8},"end":{"line":16,"column":23}},"4":{"start":{"line":24,"column":4},"end":{"line":30,"column":6}},"5":{"start":{"line":26,"column":8},"end":{"line":26,"column":21}},"6":{"start":{"line":27,"column":8},"end":{"line":27,"column":24}},"7":{"start":{"line":35,"column":26},"end":{"line":35,"column":81}},"8":{"start":{"line":36,"column":21},"end":{"line":36,"column":63}},"9":{"start":{"line":37,"column":17},"end":{"line":47,"column":5}},"10":{"start":{"line":49,"column":4},"end":{"line":52,"column":5}},"11":{"start":{"line":50,"column":20},"end":{"line":50,"column":39}}},"fnMap":{"0":{"name":"(anonymous_0)","decl":{"start":{"line":9,"column":2},"end":{"line":9,"column":3}},"loc":{"start":{"line":9,"column":38},"end":{"line":20,"column":3}},"line":9},"1":{"name":"(anonymous_1)","decl":{"start":{"line":12,"column":6},"end":{"line":12,"column":7}},"loc":{"start":{"line":12,"column":13},"end":{"line":17,"column":7}},"line":12},"2":{"name":"(anonymous_2)","decl":{"start":{"line":22,"column":2},"end":{"line":22,"column":3}},"loc":{"start":{"line":22,"column":40},"end":{"line":31,"column":3}},"line":22},"3":{"name":"(anonymous_3)","decl":{"start":{"line":25,"column":6},"end":{"line":25,"column":7}},"loc":{"start":{"line":25,"column":28},"end":{"line":28,"column":7}},"line":25},"4":{"name":"(anonymous_4)","decl":{"start":{"line":34,"column":2},"end":{"line":34,"column":3}},"loc":{"start":{"line":34,"column":31},"end":{"line":53,"column":3}},"line":34},"5":{"name":"(anonymous_5)","decl":{"start":{"line":36,"column":53},"end":{"line":36,"column":54}},"loc":{"start":{"line":36,"column":59},"end":{"line":36,"column":62}},"line":36},"6":{"name":"(anonymous_6)","decl":{"start":{"line":50,"column":14},"end":{"line":50,"column":15}},"loc":{"start":{"line":50,"column":20},"end":{"line":50,"column":39}},"line":50}},"branchMap":{},"s":{"0":14,"1":0,"2":0,"3":0,"4":8,"5":0,"6":0,"7":8,"8":8,"9":8,"10":8,"11":8},"f":{"0":14,"1":0,"2":8,"3":0,"4":8,"5":0,"6":8},"b":{},"_coverageSchema":"1a1c01bbd47fc00a2c39e90264f33305004495a9","hash":"60cf25cf4a58de8b246996f39251001545465033"}
}
