TN:
SF:server\config.js
FNF:0
FNH:0
DA:3,2
DA:4,2
DA:5,2
DA:6,2
LF:4
LH:4
BRDA:9,0,0,2
BRDA:9,0,1,2
BRF:2
BRH:2
end_of_record
TN:
SF:server\controller.js
FN:4,(anonymous_0)
FN:7,(anonymous_1)
FNF:2
FNH:2
FNDA:2,(anonymous_0)
FNDA:1,(anonymous_1)
DA:5,2
DA:9,1
LF:2
LH:2
BRF:0
BRH:0
end_of_record
TN:
SF:server\routes.js
FN:16,routes
FN:66,handlerError
FN:78,handler
FN:80,(anonymous_3)
FNF:4
FNH:4
FNDA:8,routes
FNDA:2,handlerError
FNDA:8,handler
FNDA:2,(anonymous_3)
DA:13,2
DA:15,2
DA:17,8
DA:19,8
DA:20,1
DA:23,1
DA:26,7
DA:29,1
DA:34,1
DA:37,6
DA:40,1
DA:42,1
DA:45,5
DA:50,4
DA:51,2
DA:52,2
DA:53,1
DA:54,1
DA:58,2
DA:61,1
DA:62,1
DA:67,2
DA:69,1
DA:70,1
DA:71,1
DA:74,1
DA:75,1
DA:76,1
DA:79,8
DA:80,2
LF:30
LH:30
BRDA:19,0,0,1
BRDA:19,0,1,7
BRDA:19,1,0,8
BRDA:19,1,1,7
BRDA:26,2,0,1
BRDA:26,2,1,6
BRDA:26,3,0,7
BRDA:26,3,1,6
BRDA:37,4,0,1
BRDA:37,4,1,5
BRDA:37,5,0,6
BRDA:37,5,1,5
BRDA:45,6,0,4
BRDA:45,6,1,1
BRDA:52,7,0,1
BRDA:52,7,1,1
BRDA:67,8,0,1
BRDA:67,8,1,1
BRF:18
BRH:18
end_of_record
TN:
SF:server\service.js
FN:11,(anonymous_0)
FN:15,(anonymous_1)
FN:25,(anonymous_2)
FNF:3
FNH:3
FNDA:1,(anonymous_0)
FNDA:2,(anonymous_1)
FNDA:2,(anonymous_2)
DA:8,2
DA:12,1
DA:17,2
DA:18,2
DA:19,1
DA:20,1
DA:27,2
DA:29,1
LF:8
LH:8
BRF:0
BRH:0
end_of_record
TN:
SF:server\util.js
FNF:0
FNH:0
DA:3,2
DA:12,2
LF:2
LH:2
BRF:0
BRH:0
end_of_record
TN:
SF:tests\unit\_util\testUtil.js
FN:9,(anonymous_0)
FN:12,(anonymous_1)
FN:22,(anonymous_2)
FN:25,(anonymous_3)
FN:34,(anonymous_4)
FN:36,(anonymous_5)
FN:50,(anonymous_6)
FNF:7
FNH:4
FNDA:14,(anonymous_0)
FNDA:0,(anonymous_1)
FNDA:8,(anonymous_2)
FNDA:0,(anonymous_3)
FNDA:8,(anonymous_4)
FNDA:0,(anonymous_5)
FNDA:8,(anonymous_6)
DA:11,14
DA:13,0
DA:14,0
DA:16,0
DA:24,8
DA:26,0
DA:27,0
DA:35,8
DA:36,8
DA:37,8
DA:49,8
DA:50,8
LF:12
LH:7
BRF:0
BRH:0
end_of_record
